[52427][1654679175933][main][info]["Booting Postman 9.19.0, linux-5.13.0-44-generic on x64"]
[52427][1654679175936][main][info]["EventBus~initialize - Success"]
[52427][1654679176024][main][info]["Proxy configuration has not been setup"]
[52427][1654679176025][main][info]["CloudProxyManager~init - Success"]
[52427][1654679176038][main][info]["UpdateHandler~init - Success"]
[52427][1654679176040][main][info]["LeaderSelection: Initialized successfully"]
[52427][1654679176041][main][info]["VersionDependencyService: Initialized successfully"]
[52427][1654679176052][main][info]["Generated root certificate for linux"]
[52427][1654679176055][main][info]["LinuxAutoUpdater~Cleanup - Initial cleanup successful"]
[52427][1654679176068][main][info]["GPU detected VID 0 DID 0 ACTIVE false"]
[52427][1654679178111][main][warn]["WindowManager~newRequesterWindow - Bailing requester window creation as first requester is not booted."]
[52427][1654679178111][main][error]["main~makeSingleInstance: windowManager~focusRequesterWindow: Unable to restore the last closed requester window"]
[52427][1654679178114][main][warn]["WindowManager~newRequesterWindow - Bailing requester window creation as first requester is not booted."]
[52427][1654679179991][main][info]["RuntimeIPCAgent~started: Success"]
[52427][1654679182154][main][info]["windowManager: First requester booted successfully."]
[52427][1654679182155][main][info]["windowManager~restoreWindows: Restoring requester windows"]
[52427][1654679182155][main][info]["Main~AppEvents - Received booted event for process requester.Version undefined UI Version: undefined Desktop Platform Version: 9.19.0"]
[106537][1655739567080][main][info]["Booting Postman 9.19.0, linux-5.13.0-48-generic on x64"]
[106537][1655739567084][main][info]["EventBus~initialize - Success"]
[106537][1655739567110][main][info]["Proxy configuration has not been setup"]
[106537][1655739567111][main][info]["CloudProxyManager~init - Success"]
[106537][1655739567122][main][info]["UpdateHandler~init - Success"]
[106537][1655739567124][main][info]["LeaderSelection: Initialized successfully"]
[106537][1655739567125][main][info]["VersionDependencyService: Initialized successfully"]
[106537][1655739567140][main][info]["LinuxAutoUpdater~Cleanup - Initial cleanup successful"]
[106537][1655739567152][main][info]["GPU detected VID 0 DID 0 ACTIVE false"]
[106537][1655739570604][main][info]["RuntimeIPCAgent~started: Success"]
[106537][1655739572847][main][info]["windowManager: First requester booted successfully."]
[106537][1655739572848][main][info]["windowManager~restoreWindows: Restoring requester windows"]
[106537][1655739572848][main][info]["Main~AppEvents - Received booted event for process requester.Version undefined UI Version: undefined Desktop Platform Version: 9.19.0"]
[106537][1655756368439][main][info]["WindowManager~closeHandler - Closed Window (id: 1 )"]
[106537][1655756368449][main][info]["Quitting app"]
[284511][1656415722478][main][info]["Booting Postman 9.19.0, linux-5.13.0-48-generic on x64"]
[284511][1656415722481][main][info]["EventBus~initialize - Success"]
[284511][1656415722483][main][info]["Proxy configuration has not been setup"]
[284511][1656415722484][main][info]["CloudProxyManager~init - Success"]
[284511][1656415722492][main][info]["UpdateHandler~init - Success"]
[284511][1656415722494][main][info]["LeaderSelection: Initialized successfully"]
[284511][1656415722495][main][info]["VersionDependencyService: Initialized successfully"]
[284511][1656415722503][main][info]["LinuxAutoUpdater~Cleanup - Initial cleanup successful"]
[284511][1656415722514][main][info]["GPU detected VID 0 DID 0 ACTIVE false"]
[284511][1656415723246][main][info]["RuntimeIPCAgent~started: Success"]
[284511][1656415724693][main][info]["windowManager: First requester booted successfully."]
[284511][1656415724694][main][info]["windowManager~restoreWindows: Restoring requester windows"]
[284511][1656415724694][main][info]["Main~AppEvents - Received booted event for process requester.Version undefined UI Version: undefined Desktop Platform Version: 9.19.0"]
[284511][1657663004527][main][info]["WindowManager~closeHandler - Closed Window (id: 1 )"]
[284511][1657663004540][main][info]["Quitting app"]
