[52427][1654679179191][shell][info]["EventBus~initialize - Success"]
[52427][1654679179212][shell][info]["bootShellCrashReporter~ Success"]
[52427][1654679179993][shell][info]["shellController~init: Success"]
[52427][1654679179993][shell][info]["shellMeta~init: Success"]
[52427][1654679179993][shell][info]["partitionMigrationService: State of V7 partition:"]
[52427][1654679179994][shell][info]["partitionMigrationService: V7 partitions",[]]
[52427][1654679179994][shell][info]["partitionMigrationService: V7 lastActiveUser",null]
[52427][1654679179994][shell][info]["partitionMigrationService: V7 activePartition",null]
[52427][1654679179994][shell][info]["partitionMigrationService: V7 isPartitionDirty",null]
[52427][1654679179995][shell][info]["partitionMigrationService~rectifyNamespaceOfScratchPadPartition: There is no partition with scratchpad namespace"]
[52427][1654679179995][shell][info]["partitionMigrationService~rectifyNamespaceOfScratchPadPartition: There is no transit partition which could have been used for scratchpad"]
[52427][1654679179995][shell][info]["partitionMigrationService~init: Success"]
[52427][1654679179995][shell][info]["partitionMigrationService~runV8PartitionsIntegrity: Two way migration~ removing the following partitions from v8",[]]
[52427][1654679179995][shell][info]["userPartitionService~_rectifyTheActivePartitionOfApplication: Setting the active partition to ",null]
[52427][1654679179996][shell][info]["userPartitionService~init: Success"]
[52427][1654679179996][shell][info]["userPartitionService: State of v8 partition system:"]
[52427][1654679179996][shell][info]["userPartitionService: List of partitions:",[]]
[52427][1654679179996][shell][info]["userPartitionService: users global meta:",{"activePartition":null}]
[52427][1654679179997][shell][info]["shell~init~getPartitionToLoad: loading scratchpad partition"]
[52427][1654679179999][shell][info]["init~setViewAttributes - Initializing view with opts:"]
[52427][1654679180000][shell][info]["Shell~init~setViewAttributes: passing scratchpad partition id as ","a0899263-8d65-44cf-84fe-c6a05a817fa4"]
[52427][1654679180000][shell][info]["Shell~init~setViewAttributes: do we have any logged in users? ",false]
[52427][1654679180001][shell][info]["init~setViewAttributes - Success"]
[52427][1654679182154][shell][info]["Shell~init~sendUsersDataToRenderer",[]]
[52427][1654679182188][shell][info]["Shell~init~sendUsersDataToRenderer",[]]
[106537][1655739569770][shell][info]["EventBus~initialize - Success"]
[106537][1655739569793][shell][info]["bootShellCrashReporter~ Success"]
[106537][1655739570606][shell][info]["shellController~init: Success"]
[106537][1655739570607][shell][info]["shellMeta~init: Success"]
[106537][1655739570607][shell][info]["partitionMigrationService: State of V7 partition:"]
[106537][1655739570608][shell][info]["partitionMigrationService: V7 partitions",[]]
[106537][1655739570608][shell][info]["partitionMigrationService: V7 lastActiveUser",null]
[106537][1655739570608][shell][info]["partitionMigrationService: V7 activePartition",null]
[106537][1655739570608][shell][info]["partitionMigrationService: V7 isPartitionDirty",null]
[106537][1655739570609][shell][info]["partitionMigrationService~init: Success"]
[106537][1655739570609][shell][info]["partitionMigrationService~runV8PartitionsIntegrity: Two way migration~ removing the following partitions from v8",[]]
[106537][1655739570609][shell][info]["userPartitionService~_rectifyTheActivePartitionOfApplication: Setting the active partition to ",null]
[106537][1655739570610][shell][info]["userPartitionService~init: Success"]
[106537][1655739570610][shell][info]["userPartitionService: State of v8 partition system:"]
[106537][1655739570610][shell][info]["userPartitionService: List of partitions:",[{"partitionId":"a0899263-8d65-44cf-84fe-c6a05a817fa4","namespace":"scratchPad","userId":0,"teamId":0,"isDirty":false}]]
[106537][1655739570611][shell][info]["userPartitionService: users global meta:",{"activePartition":null}]
[106537][1655739570611][shell][info]["shell~init~getPartitionToLoad: loading scratchpad partition"]
[106537][1655739570612][shell][info]["init~setViewAttributes - Initializing view with opts:"]
[106537][1655739570613][shell][info]["Shell~init~setViewAttributes: passing scratchpad partition id as ","a0899263-8d65-44cf-84fe-c6a05a817fa4"]
[106537][1655739570613][shell][info]["Shell~init~setViewAttributes: do we have any logged in users? ",false]
[106537][1655739570614][shell][info]["init~setViewAttributes - Success"]
[106537][1655739572844][shell][info]["Shell~init~sendUsersDataToRenderer",[]]
[106537][1655739572885][shell][info]["Shell~init~sendUsersDataToRenderer",[]]
[284511][1656415722770][shell][info]["EventBus~initialize - Success"]
[284511][1656415722777][shell][info]["bootShellCrashReporter~ Success"]
[284511][1656415723248][shell][info]["shellController~init: Success"]
[284511][1656415723249][shell][info]["shellMeta~init: Success"]
[284511][1656415723249][shell][info]["partitionMigrationService: State of V7 partition:"]
[284511][1656415723249][shell][info]["partitionMigrationService: V7 partitions",[]]
[284511][1656415723250][shell][info]["partitionMigrationService: V7 lastActiveUser",null]
[284511][1656415723250][shell][info]["partitionMigrationService: V7 activePartition",null]
[284511][1656415723250][shell][info]["partitionMigrationService: V7 isPartitionDirty",null]
[284511][1656415723250][shell][info]["partitionMigrationService~init: Success"]
[284511][1656415723251][shell][info]["partitionMigrationService~runV8PartitionsIntegrity: Two way migration~ removing the following partitions from v8",[]]
[284511][1656415723251][shell][info]["userPartitionService~_rectifyTheActivePartitionOfApplication: Setting the active partition to ",null]
[284511][1656415723251][shell][info]["userPartitionService~init: Success"]
[284511][1656415723252][shell][info]["userPartitionService: State of v8 partition system:"]
[284511][1656415723252][shell][info]["userPartitionService: List of partitions:",[{"partitionId":"a0899263-8d65-44cf-84fe-c6a05a817fa4","namespace":"scratchPad","userId":0,"teamId":0,"isDirty":false}]]
[284511][1656415723252][shell][info]["userPartitionService: users global meta:",{"activePartition":null}]
[284511][1656415723252][shell][info]["shell~init~getPartitionToLoad: loading scratchpad partition"]
[284511][1656415723253][shell][info]["init~setViewAttributes - Initializing view with opts:"]
[284511][1656415723254][shell][info]["Shell~init~setViewAttributes: passing scratchpad partition id as ","a0899263-8d65-44cf-84fe-c6a05a817fa4"]
[284511][1656415723255][shell][info]["Shell~init~setViewAttributes: do we have any logged in users? ",false]
[284511][1656415723255][shell][info]["init~setViewAttributes - Success"]
[284511][1656415724694][shell][info]["Shell~init~sendUsersDataToRenderer",[]]
[284511][1656415724734][shell][info]["Shell~init~sendUsersDataToRenderer",[]]
